[32m2022-08-30 14:28:32.677[0m | [32m[1mSUCCESS [0m | [36m__main__[0m:[36mupdate[0m:[36m37[0m - [32m[1mAll services patched. Legit app is exposed on app-service3 NodePort now[0m
[32m2022-08-30 14:28:32.707[0m | [32m[1mSUCCESS [0m | [36m__main__[0m:[36mupdate[0m:[36m43[0m - [32m[1m{'app-service1': 32186, 'app-service2': 31827, 'app-service3': 32707, 'app-service4': 31776, 'app-service5': 32385}[0m
[32m2022-08-30 14:28:43.255[0m | [32m[1mSUCCESS [0m | [36m__main__[0m:[36mupdate[0m:[36m37[0m - [32m[1mAll services patched. Legit app is exposed on app-service4 NodePort now[0m
[32m2022-08-30 14:28:43.297[0m | [32m[1mSUCCESS [0m | [36m__main__[0m:[36mupdate[0m:[36m43[0m - [32m[1m{'app-service1': 32186, 'app-service2': 31827, 'app-service3': 32707, 'app-service4': 31776, 'app-service5': 32385}[0m
[32m2022-08-30 14:47:32.577[0m | [32m[1mSUCCESS [0m | [36m__main__[0m:[36mupdate[0m:[36m37[0m - [32m[1mAll services patched. Legit app is exposed on app-service4 NodePort now[0m
[32m2022-08-30 14:47:32.620[0m | [32m[1mSUCCESS [0m | [36m__main__[0m:[36mupdate[0m:[36m43[0m - [32m[1m{'app-service1': 32186, 'app-service2': 31827, 'app-service3': 32707, 'app-service4': 31776, 'app-service5': 32385}[0m
[32m2022-08-30 14:49:08.363[0m | [32m[1mSUCCESS [0m | [36m__main__[0m:[36mupdate[0m:[36m37[0m - [32m[1mAll services patched. Legit app is exposed on app-service4 NodePort now[0m
[32m2022-08-30 14:49:08.402[0m | [32m[1mSUCCESS [0m | [36m__main__[0m:[36mupdate[0m:[36m43[0m - [32m[1m{'app-service1': 32186, 'app-service2': 31827, 'app-service3': 32707, 'app-service4': 31776, 'app-service5': 32385}[0m
[32m2022-08-30 14:49:21.053[0m | [32m[1mSUCCESS [0m | [36m__main__[0m:[36mupdate[0m:[36m37[0m - [32m[1mAll services patched. Legit app is exposed on app-service5 NodePort now[0m
[32m2022-08-30 14:49:21.087[0m | [32m[1mSUCCESS [0m | [36m__main__[0m:[36mupdate[0m:[36m43[0m - [32m[1m{'app-service1': 32186, 'app-service2': 31827, 'app-service3': 32707, 'app-service4': 31776, 'app-service5': 32385}[0m
[32m2022-08-30 14:57:48.164[0m | [31m[1mERROR   [0m | [36m__main__[0m:[36m<module>[0m:[36m23[0m - [31m[1mAn error has been caught in function '<module>', process 'MainProcess' (3736138), thread 'MainThread' (140257302701888):[0m
[33m[1mTraceback (most recent call last):[0m

> File "[32m/home/gr/k8s-nodeport-mtd/[0m[32m[1mupdate_state.py[0m", line [33m23[0m, in [35m<module>[0m
    [1mupdate_state[0m[1m([0m[1m)[0m
    [36m└ [0m[36m[1m<function update_state at 0x7f90315fe320>[0m

  File "[32m/home/gr/k8s-nodeport-mtd/[0m[32m[1mupdate_state.py[0m", line [33m15[0m, in [35mupdate_state[0m
    [1mresponse[0m [35m[1m=[0m [1mget[0m[1m([0m[1mAPP_RECONFIGURATOR_URL[0m[1m)[0m
    [36m           │   └ [0m[36m[1m'localhost:5100/update'[0m
    [36m           └ [0m[36m[1m<function get at 0x7f903178be20>[0m

  File "/home/gr/k8s-nodeport-mtd/.venv/lib/python3.10/site-packages/requests/api.py", line 73, in get
    return request("get", url, params=params, **kwargs)
           │              │           │         └ {}
           │              │           └ None
           │              └ 'localhost:5100/update'
           └ <function request at 0x7f9031762290>
  File "/home/gr/k8s-nodeport-mtd/.venv/lib/python3.10/site-packages/requests/api.py", line 59, in request
    return session.request(method=method, url=url, **kwargs)
           │       │              │           │      └ {'params': None}
           │       │              │           └ 'localhost:5100/update'
           │       │              └ 'get'
           │       └ <function Session.request at 0x7f903178b5b0>
           └ <requests.sessions.Session object at 0x7f90315f1ff0>
  File "/home/gr/k8s-nodeport-mtd/.venv/lib/python3.10/site-packages/requests/sessions.py", line 587, in request
    resp = self.send(prep, **send_kwargs)
           │    │    │       └ {'timeout': None, 'allow_redirects': True, 'proxies': OrderedDict(), 'stream': False, 'verify': True, 'cert': None}
           │    │    └ <PreparedRequest [GET]>
           │    └ <function Session.send at 0x7f903178ba30>
           └ <requests.sessions.Session object at 0x7f90315f1ff0>
  File "/home/gr/k8s-nodeport-mtd/.venv/lib/python3.10/site-packages/requests/sessions.py", line 695, in send
    adapter = self.get_adapter(url=request.url)
              │    │               │       └ 'localhost:5100/update'
              │    │               └ <PreparedRequest [GET]>
              │    └ <function Session.get_adapter at 0x7f903178bb50>
              └ <requests.sessions.Session object at 0x7f90315f1ff0>
  File "/home/gr/k8s-nodeport-mtd/.venv/lib/python3.10/site-packages/requests/sessions.py", line 792, in get_adapter
    raise InvalidSchema(f"No connection adapters were found for {url!r}")
          └ <class 'requests.exceptions.InvalidSchema'>

[31m[1mrequests.exceptions.InvalidSchema[0m:[1m No connection adapters were found for 'localhost:5100/update'[0m
[32m2022-08-30 14:58:09.339[0m | [31m[1mERROR   [0m | [36m__main__[0m:[36m<module>[0m:[36m23[0m - [31m[1mAn error has been caught in function '<module>', process 'MainProcess' (3736439), thread 'MainThread' (140353779648320):[0m
[33m[1mTraceback (most recent call last):[0m

> File "[32m/home/gr/k8s-nodeport-mtd/[0m[32m[1mupdate_state.py[0m", line [33m23[0m, in [35m<module>[0m
    [1mupdate_state[0m[1m([0m[1m)[0m
    [36m└ [0m[36m[1m<function update_state at 0x7fa6a7d8a320>[0m

  File "[32m/home/gr/k8s-nodeport-mtd/[0m[32m[1mupdate_state.py[0m", line [33m15[0m, in [35mupdate_state[0m
    [1mresponse[0m [35m[1m=[0m [1mget[0m[1m([0m[1mAPP_RECONFIGURATOR_URL[0m[1m)[0m
    [36m           │   └ [0m[36m[1m'localhost:5100/update'[0m
    [36m           └ [0m[36m[1m<function get at 0x7fa6a7f17e20>[0m

  File "/home/gr/k8s-nodeport-mtd/.venv/lib/python3.10/site-packages/requests/api.py", line 73, in get
    return request("get", url, params=params, **kwargs)
           │              │           │         └ {}
           │              │           └ None
           │              └ 'localhost:5100/update'
           └ <function request at 0x7fa6a7eee290>
  File "/home/gr/k8s-nodeport-mtd/.venv/lib/python3.10/site-packages/requests/api.py", line 59, in request
    return session.request(method=method, url=url, **kwargs)
           │       │              │           │      └ {'params': None}
           │       │              │           └ 'localhost:5100/update'
           │       │              └ 'get'
           │       └ <function Session.request at 0x7fa6a7f175b0>
           └ <requests.sessions.Session object at 0x7fa6a7d7dff0>
  File "/home/gr/k8s-nodeport-mtd/.venv/lib/python3.10/site-packages/requests/sessions.py", line 587, in request
    resp = self.send(prep, **send_kwargs)
           │    │    │       └ {'timeout': None, 'allow_redirects': True, 'proxies': OrderedDict(), 'stream': False, 'verify': True, 'cert': None}
           │    │    └ <PreparedRequest [GET]>
           │    └ <function Session.send at 0x7fa6a7f17a30>
           └ <requests.sessions.Session object at 0x7fa6a7d7dff0>
  File "/home/gr/k8s-nodeport-mtd/.venv/lib/python3.10/site-packages/requests/sessions.py", line 695, in send
    adapter = self.get_adapter(url=request.url)
              │    │               │       └ 'localhost:5100/update'
              │    │               └ <PreparedRequest [GET]>
              │    └ <function Session.get_adapter at 0x7fa6a7f17b50>
              └ <requests.sessions.Session object at 0x7fa6a7d7dff0>
  File "/home/gr/k8s-nodeport-mtd/.venv/lib/python3.10/site-packages/requests/sessions.py", line 792, in get_adapter
    raise InvalidSchema(f"No connection adapters were found for {url!r}")
          └ <class 'requests.exceptions.InvalidSchema'>

[31m[1mrequests.exceptions.InvalidSchema[0m:[1m No connection adapters were found for 'localhost:5100/update'[0m
[32m2022-08-30 14:59:05.522[0m | [32m[1mSUCCESS [0m | [36m__main__[0m:[36mupdate[0m:[36m37[0m - [32m[1mAll services patched. Legit app is exposed on app-service2 NodePort now[0m
[32m2022-08-30 14:59:05.549[0m | [32m[1mSUCCESS [0m | [36m__main__[0m:[36mupdate[0m:[36m43[0m - [32m[1m{'app-service1': 32186, 'app-service2': 31827, 'app-service3': 32707, 'app-service4': 31776, 'app-service5': 32385}[0m
[32m2022-08-30 14:59:09.182[0m | [32m[1mSUCCESS [0m | [36m__main__[0m:[36mupdate[0m:[36m37[0m - [32m[1mAll services patched. Legit app is exposed on app-service2 NodePort now[0m
[32m2022-08-30 14:59:09.227[0m | [32m[1mSUCCESS [0m | [36m__main__[0m:[36mupdate[0m:[36m43[0m - [32m[1m{'app-service1': 32186, 'app-service2': 31827, 'app-service3': 32707, 'app-service4': 31776, 'app-service5': 32385}[0m
[32m2022-08-30 14:59:09.231[0m | [31m[1mERROR   [0m | [36m__main__[0m:[36m<module>[0m:[36m23[0m - [31m[1mAn error has been caught in function '<module>', process 'MainProcess' (3737315), thread 'MainThread' (140335458920256):[0m
[33m[1mTraceback (most recent call last):[0m

> File "[32m/home/gr/k8s-nodeport-mtd/[0m[32m[1mupdate_state.py[0m", line [33m23[0m, in [35m<module>[0m
    [1mupdate_state[0m[1m([0m[1m)[0m
    [36m└ [0m[36m[1m<function update_state at 0x7fa263d92320>[0m

  File "[32m/home/gr/k8s-nodeport-mtd/[0m[32m[1mupdate_state.py[0m", line [33m17[0m, in [35mupdate_state[0m
    [1mdump[0m[1m([0m[1mresponse[0m[1m,[0m [1mf[0m[1m)[0m
    [36m│    │         └ [0m[36m[1m<_io.TextIOWrapper name='./state.json' mode='w' encoding='UTF-8'>[0m
    [36m│    └ [0m[36m[1m<Response [200]>[0m
    [36m└ [0m[36m[1m<function dump at 0x7fa2643183a0>[0m

  File "/usr/lib/python3.10/json/__init__.py", line 179, in dump
    for chunk in iterable:
                 └ <generator object _make_iterencode.<locals>._iterencode at 0x7fa263dd00b0>
  File "/usr/lib/python3.10/json/encoder.py", line 438, in _iterencode
    o = _default(o)
        │        └ <Response [200]>
        └ <bound method JSONEncoder.default of <json.encoder.JSONEncoder object at 0x7fa26431c5e0>>
  File "/usr/lib/python3.10/json/encoder.py", line 179, in default
    raise TypeError(f'Object of type {o.__class__.__name__} '

[31m[1mTypeError[0m:[1m Object of type Response is not JSON serializable[0m
[32m2022-08-30 14:59:23.786[0m | [32m[1mSUCCESS [0m | [36m__main__[0m:[36mupdate[0m:[36m37[0m - [32m[1mAll services patched. Legit app is exposed on app-service5 NodePort now[0m
[32m2022-08-30 14:59:23.817[0m | [32m[1mSUCCESS [0m | [36m__main__[0m:[36mupdate[0m:[36m43[0m - [32m[1m{'app-service1': 32186, 'app-service2': 31827, 'app-service3': 32707, 'app-service4': 31776, 'app-service5': 32385}[0m
[32m2022-08-30 14:59:23.820[0m | [31m[1mERROR   [0m | [36m__main__[0m:[36m<module>[0m:[36m23[0m - [31m[1mAn error has been caught in function '<module>', process 'MainProcess' (3737551), thread 'MainThread' (140238931695424):[0m
[33m[1mTraceback (most recent call last):[0m

> File "[32m/home/gr/k8s-nodeport-mtd/[0m[32m[1mupdate_state.py[0m", line [33m23[0m, in [35m<module>[0m
    [1mupdate_state[0m[1m([0m[1m)[0m
    [36m└ [0m[36m[1m<function update_state at 0x7f8bea5fa320>[0m

  File "[32m/home/gr/k8s-nodeport-mtd/[0m[32m[1mupdate_state.py[0m", line [33m17[0m, in [35mupdate_state[0m
    [1mdump[0m[1m([0m[1mresponse[0m[35m[1m.[0m[1mjson[0m[1m,[0m [1mf[0m[1m)[0m
    [36m│    │        │     └ [0m[36m[1m<_io.TextIOWrapper name='./state.json' mode='w' encoding='UTF-8'>[0m
    [36m│    │        └ [0m[36m[1m<function Response.json at 0x7f8bea78a290>[0m
    [36m│    └ [0m[36m[1m<Response [200]>[0m
    [36m└ [0m[36m[1m<function dump at 0x7f8beab903a0>[0m

  File "/usr/lib/python3.10/json/__init__.py", line 179, in dump
    for chunk in iterable:
                 └ <generator object _make_iterencode.<locals>._iterencode at 0x7f8bea783f40>
  File "/usr/lib/python3.10/json/encoder.py", line 438, in _iterencode
    o = _default(o)
        │        └ <bound method Response.json of <Response [200]>>
        └ <bound method JSONEncoder.default of <json.encoder.JSONEncoder object at 0x7f8beab94610>>
  File "/usr/lib/python3.10/json/encoder.py", line 179, in default
    raise TypeError(f'Object of type {o.__class__.__name__} '

[31m[1mTypeError[0m:[1m Object of type method is not JSON serializable[0m
[32m2022-08-30 14:59:30.624[0m | [32m[1mSUCCESS [0m | [36m__main__[0m:[36mupdate[0m:[36m37[0m - [32m[1mAll services patched. Legit app is exposed on app-service2 NodePort now[0m
[32m2022-08-30 14:59:30.653[0m | [32m[1mSUCCESS [0m | [36m__main__[0m:[36mupdate[0m:[36m43[0m - [32m[1m{'app-service1': 32186, 'app-service2': 31827, 'app-service3': 32707, 'app-service4': 31776, 'app-service5': 32385}[0m
[32m2022-08-30 14:59:43.446[0m | [32m[1mSUCCESS [0m | [36m__main__[0m:[36mupdate[0m:[36m37[0m - [32m[1mAll services patched. Legit app is exposed on app-service1 NodePort now[0m
[32m2022-08-30 14:59:43.481[0m | [32m[1mSUCCESS [0m | [36m__main__[0m:[36mupdate[0m:[36m43[0m - [32m[1m{'app-service1': 32186, 'app-service2': 31827, 'app-service3': 32707, 'app-service4': 31776, 'app-service5': 32385}[0m
[32m2022-08-30 14:59:43.484[0m | [32m[1mSUCCESS [0m | [36m__main__[0m:[36mupdate_state[0m:[36m18[0m - [32m[1mState updated[0m
[32m2022-08-30 14:59:53.639[0m | [32m[1mSUCCESS [0m | [36m__main__[0m:[36mupdate[0m:[36m37[0m - [32m[1mAll services patched. Legit app is exposed on app-service3 NodePort now[0m
[32m2022-08-30 14:59:53.675[0m | [32m[1mSUCCESS [0m | [36m__main__[0m:[36mupdate[0m:[36m43[0m - [32m[1m{'app-service1': 32186, 'app-service2': 31827, 'app-service3': 32707, 'app-service4': 31776, 'app-service5': 32385}[0m
[32m2022-08-30 14:59:53.679[0m | [32m[1mSUCCESS [0m | [36m__main__[0m:[36mupdate_state[0m:[36m18[0m - [32m[1mState updated[0m
[32m2022-08-30 15:00:03.826[0m | [32m[1mSUCCESS [0m | [36m__main__[0m:[36mupdate[0m:[36m37[0m - [32m[1mAll services patched. Legit app is exposed on app-service3 NodePort now[0m
[32m2022-08-30 15:00:03.868[0m | [32m[1mSUCCESS [0m | [36m__main__[0m:[36mupdate[0m:[36m43[0m - [32m[1m{'app-service1': 32186, 'app-service2': 31827, 'app-service3': 32707, 'app-service4': 31776, 'app-service5': 32385}[0m
[32m2022-08-30 15:00:03.874[0m | [32m[1mSUCCESS [0m | [36m__main__[0m:[36mupdate_state[0m:[36m18[0m - [32m[1mState updated[0m
[32m2022-08-30 15:00:14.024[0m | [32m[1mSUCCESS [0m | [36m__main__[0m:[36mupdate[0m:[36m37[0m - [32m[1mAll services patched. Legit app is exposed on app-service3 NodePort now[0m
[32m2022-08-30 15:00:14.064[0m | [32m[1mSUCCESS [0m | [36m__main__[0m:[36mupdate[0m:[36m43[0m - [32m[1m{'app-service1': 32186, 'app-service2': 31827, 'app-service3': 32707, 'app-service4': 31776, 'app-service5': 32385}[0m
[32m2022-08-30 15:00:14.070[0m | [32m[1mSUCCESS [0m | [36m__main__[0m:[36mupdate_state[0m:[36m18[0m - [32m[1mState updated[0m
[32m2022-08-30 15:00:24.216[0m | [32m[1mSUCCESS [0m | [36m__main__[0m:[36mupdate[0m:[36m37[0m - [32m[1mAll services patched. Legit app is exposed on app-service3 NodePort now[0m
[32m2022-08-30 15:00:24.255[0m | [32m[1mSUCCESS [0m | [36m__main__[0m:[36mupdate[0m:[36m43[0m - [32m[1m{'app-service1': 32186, 'app-service2': 31827, 'app-service3': 32707, 'app-service4': 31776, 'app-service5': 32385}[0m
[32m2022-08-30 15:00:24.262[0m | [32m[1mSUCCESS [0m | [36m__main__[0m:[36mupdate_state[0m:[36m18[0m - [32m[1mState updated[0m
[32m2022-08-30 15:00:34.427[0m | [32m[1mSUCCESS [0m | [36m__main__[0m:[36mupdate[0m:[36m37[0m - [32m[1mAll services patched. Legit app is exposed on app-service5 NodePort now[0m
[32m2022-08-30 15:00:34.459[0m | [32m[1mSUCCESS [0m | [36m__main__[0m:[36mupdate[0m:[36m43[0m - [32m[1m{'app-service1': 32186, 'app-service2': 31827, 'app-service3': 32707, 'app-service4': 31776, 'app-service5': 32385}[0m
[32m2022-08-30 15:00:34.462[0m | [32m[1mSUCCESS [0m | [36m__main__[0m:[36mupdate_state[0m:[36m18[0m - [32m[1mState updated[0m
[32m2022-08-30 15:00:44.621[0m | [32m[1mSUCCESS [0m | [36m__main__[0m:[36mupdate[0m:[36m37[0m - [32m[1mAll services patched. Legit app is exposed on app-service5 NodePort now[0m
[32m2022-08-30 15:00:44.667[0m | [32m[1mSUCCESS [0m | [36m__main__[0m:[36mupdate[0m:[36m43[0m - [32m[1m{'app-service1': 32186, 'app-service2': 31827, 'app-service3': 32707, 'app-service4': 31776, 'app-service5': 32385}[0m
[32m2022-08-30 15:00:44.672[0m | [32m[1mSUCCESS [0m | [36m__main__[0m:[36mupdate_state[0m:[36m18[0m - [32m[1mState updated[0m
[32m2022-08-30 15:00:54.819[0m | [32m[1mSUCCESS [0m | [36m__main__[0m:[36mupdate[0m:[36m37[0m - [32m[1mAll services patched. Legit app is exposed on app-service2 NodePort now[0m
[32m2022-08-30 15:00:54.851[0m | [32m[1mSUCCESS [0m | [36m__main__[0m:[36mupdate[0m:[36m43[0m - [32m[1m{'app-service1': 32186, 'app-service2': 31827, 'app-service3': 32707, 'app-service4': 31776, 'app-service5': 32385}[0m
[32m2022-08-30 15:00:54.855[0m | [32m[1mSUCCESS [0m | [36m__main__[0m:[36mupdate_state[0m:[36m18[0m - [32m[1mState updated[0m
[32m2022-08-30 19:59:49.834[0m | [32m[1mSUCCESS [0m | [36m__main__[0m:[36mupdate[0m:[36m37[0m - [32m[1mAll services patched. Legit app is exposed on app-service2 NodePort now[0m
[32m2022-08-30 19:59:49.876[0m | [32m[1mSUCCESS [0m | [36m__main__[0m:[36mupdate[0m:[36m43[0m - [32m[1m{'app-service1': 32186, 'app-service2': 31827, 'app-service3': 32707, 'app-service4': 31776, 'app-service5': 32385}[0m
[32m2022-08-30 19:59:49.881[0m | [32m[1mSUCCESS [0m | [36m__main__[0m:[36mupdate_state[0m:[36m18[0m - [32m[1mState updated[0m
[32m2022-08-30 23:11:43.387[0m | [31m[1mERROR   [0m | [36m__main__[0m:[36m<module>[0m:[36m29[0m - [31m[1mAn error has been caught in function '<module>', process 'MainProcess' (4109718), thread 'MainThread' (140549120628544):[0m
[33m[1mTraceback (most recent call last):[0m

  File "/home/gr/k8s-nodeport-mtd/.venv/lib/python3.10/site-packages/urllib3/connection.py", line 174, in _new_conn
    conn = connection.create_connection(
           │          └ <function create_connection at 0x7fd42348c4c0>
           └ <module 'urllib3.util.connection' from '/home/gr/k8s-nodeport-mtd/.venv/lib/python3.10/site-packages/urllib3/util/connection....
  File "/home/gr/k8s-nodeport-mtd/.venv/lib/python3.10/site-packages/urllib3/util/connection.py", line 95, in create_connection
    raise err
          └ ConnectionRefusedError(111, 'Connection refused')
  File "/home/gr/k8s-nodeport-mtd/.venv/lib/python3.10/site-packages/urllib3/util/connection.py", line 85, in create_connection
    sock.connect(sa)
    │            └ ('127.0.0.1', 5100)
    └ None

[31m[1mConnectionRefusedError[0m:[1m [Errno 111] Connection refused[0m


[1mDuring handling of the above exception, another exception occurred:[0m


[33m[1mTraceback (most recent call last):[0m

  File "/home/gr/k8s-nodeport-mtd/.venv/lib/python3.10/site-packages/urllib3/connectionpool.py", line 703, in urlopen
    httplib_response = self._make_request(
                       │    └ <function HTTPConnectionPool._make_request at 0x7fd4233160e0>
                       └ <urllib3.connectionpool.HTTPConnectionPool object at 0x7fd42311da20>
  File "/home/gr/k8s-nodeport-mtd/.venv/lib/python3.10/site-packages/urllib3/connectionpool.py", line 398, in _make_request
    conn.request(method, url, **httplib_request_kw)
    │    │       │       │      └ {'body': None, 'headers': {'User-Agent': 'python-requests/2.28.1', 'Accept-Encoding': 'gzip, deflate', 'Accept': '*/*', 'Conn...
    │    │       │       └ '/update'
    │    │       └ 'GET'
    │    └ <function HTTPConnection.request at 0x7fd4234f0c10>
    └ <urllib3.connection.HTTPConnection object at 0x7fd42311eaa0>
  File "/home/gr/k8s-nodeport-mtd/.venv/lib/python3.10/site-packages/urllib3/connection.py", line 239, in request
    super(HTTPConnection, self).request(method, url, body=body, headers=headers)
          │               │             │       │         │             └ {'User-Agent': 'python-requests/2.28.1', 'Accept-Encoding': 'gzip, deflate', 'Accept': '*/*', 'Connection': 'keep-alive'}
          │               │             │       │         └ None
          │               │             │       └ '/update'
          │               │             └ 'GET'
          │               └ <urllib3.connection.HTTPConnection object at 0x7fd42311eaa0>
          └ <class 'urllib3.connection.HTTPConnection'>
  File "/usr/lib/python3.10/http/client.py", line 1282, in request
    self._send_request(method, url, body, headers, encode_chunked)
    │    │             │       │    │     │        └ False
    │    │             │       │    │     └ {'User-Agent': 'python-requests/2.28.1', 'Accept-Encoding': 'gzip, deflate', 'Accept': '*/*', 'Connection': 'keep-alive'}
    │    │             │       │    └ None
    │    │             │       └ '/update'
    │    │             └ 'GET'
    │    └ <function HTTPConnection._send_request at 0x7fd423475bd0>
    └ <urllib3.connection.HTTPConnection object at 0x7fd42311eaa0>
  File "/usr/lib/python3.10/http/client.py", line 1328, in _send_request
    self.endheaders(body, encode_chunked=encode_chunked)
    │    │          │                    └ False
    │    │          └ None
    │    └ <function HTTPConnection.endheaders at 0x7fd423475ab0>
    └ <urllib3.connection.HTTPConnection object at 0x7fd42311eaa0>
  File "/usr/lib/python3.10/http/client.py", line 1277, in endheaders
    self._send_output(message_body, encode_chunked=encode_chunked)
    │    │            │                            └ False
    │    │            └ None
    │    └ <function HTTPConnection._send_output at 0x7fd4234756c0>
    └ <urllib3.connection.HTTPConnection object at 0x7fd42311eaa0>
  File "/usr/lib/python3.10/http/client.py", line 1037, in _send_output
    self.send(msg)
    │    │    └ b'GET /update HTTP/1.1\r\nHost: localhost:5100\r\nUser-Agent: python-requests/2.28.1\r\nAccept-Encoding: gzip, deflate\r\nAcc...
    │    └ <function HTTPConnection.send at 0x7fd423475510>
    └ <urllib3.connection.HTTPConnection object at 0x7fd42311eaa0>
  File "/usr/lib/python3.10/http/client.py", line 975, in send
    self.connect()
    │    └ <function HTTPConnection.connect at 0x7fd4234f0a60>
    └ <urllib3.connection.HTTPConnection object at 0x7fd42311eaa0>
  File "/home/gr/k8s-nodeport-mtd/.venv/lib/python3.10/site-packages/urllib3/connection.py", line 205, in connect
    conn = self._new_conn()
           │    └ <function HTTPConnection._new_conn at 0x7fd4234f08b0>
           └ <urllib3.connection.HTTPConnection object at 0x7fd42311eaa0>
  File "/home/gr/k8s-nodeport-mtd/.venv/lib/python3.10/site-packages/urllib3/connection.py", line 186, in _new_conn
    raise NewConnectionError(
          └ <class 'urllib3.exceptions.NewConnectionError'>

[31m[1murllib3.exceptions.NewConnectionError[0m:[1m <urllib3.connection.HTTPConnection object at 0x7fd42311eaa0>: Failed to establish a new connection: [Errno 111] Connection refused[0m


[1mDuring handling of the above exception, another exception occurred:[0m


[33m[1mTraceback (most recent call last):[0m

  File "/home/gr/k8s-nodeport-mtd/.venv/lib/python3.10/site-packages/requests/adapters.py", line 489, in send
    resp = conn.urlopen(
           │    └ <function HTTPConnectionPool.urlopen at 0x7fd423316320>
           └ <urllib3.connectionpool.HTTPConnectionPool object at 0x7fd42311da20>
  File "/home/gr/k8s-nodeport-mtd/.venv/lib/python3.10/site-packages/urllib3/connectionpool.py", line 787, in urlopen
    retries = retries.increment(
              │       └ <function Retry.increment at 0x7fd42348e170>
              └ Retry(total=0, connect=None, read=False, redirect=None, status=None)
  File "/home/gr/k8s-nodeport-mtd/.venv/lib/python3.10/site-packages/urllib3/util/retry.py", line 592, in increment
    raise MaxRetryError(_pool, url, error or ResponseError(cause))
          │             │      │    │        │             └ 'unknown'
          │             │      │    │        └ <class 'urllib3.exceptions.ResponseError'>
          │             │      │    └ NewConnectionError('<urllib3.connection.HTTPConnection object at 0x7fd42311eaa0>: Failed to establish a new connection: [Errn...
          │             │      └ '/update'
          │             └ <urllib3.connectionpool.HTTPConnectionPool object at 0x7fd42311da20>
          └ <class 'urllib3.exceptions.MaxRetryError'>

[31m[1murllib3.exceptions.MaxRetryError[0m:[1m HTTPConnectionPool(host='localhost', port=5100): Max retries exceeded with url: /update (Caused by NewConnectionError('<urllib3.connection.HTTPConnection object at 0x7fd42311eaa0>: Failed to establish a new connection: [Errno 111] Connection refused'))[0m


[1mDuring handling of the above exception, another exception occurred:[0m


[33m[1mTraceback (most recent call last):[0m

> File "[32m/home/gr/k8s-nodeport-mtd/[0m[32m[1mupdate_state.py[0m", line [33m29[0m, in [35m<module>[0m
    [1mupdate_state[0m[1m([0m[1m)[0m
    [36m└ [0m[36m[1m<function update_state at 0x7fd4231323b0>[0m

  File "[32m/home/gr/k8s-nodeport-mtd/[0m[32m[1mupdate_state.py[0m", line [33m21[0m, in [35mupdate_state[0m
    [1mresponse[0m [35m[1m=[0m [1mget[0m[1m([0m[1mAPP_RECONFIGURATOR_URL[0m[1m)[0m
    [36m           │   └ [0m[36m[1m'http://localhost:5100/update'[0m
    [36m           └ [0m[36m[1m<function get at 0x7fd4232c7eb0>[0m

  File "/home/gr/k8s-nodeport-mtd/.venv/lib/python3.10/site-packages/requests/api.py", line 73, in get
    return request("get", url, params=params, **kwargs)
           │              │           │         └ {}
           │              │           └ None
           │              └ 'http://localhost:5100/update'
           └ <function request at 0x7fd42328e320>
  File "/home/gr/k8s-nodeport-mtd/.venv/lib/python3.10/site-packages/requests/api.py", line 59, in request
    return session.request(method=method, url=url, **kwargs)
           │       │              │           │      └ {'params': None}
           │       │              │           └ 'http://localhost:5100/update'
           │       │              └ 'get'
           │       └ <function Session.request at 0x7fd4232c7640>
           └ <requests.sessions.Session object at 0x7fd42311db70>
  File "/home/gr/k8s-nodeport-mtd/.venv/lib/python3.10/site-packages/requests/sessions.py", line 587, in request
    resp = self.send(prep, **send_kwargs)
           │    │    │       └ {'timeout': None, 'allow_redirects': True, 'proxies': OrderedDict(), 'stream': False, 'verify': True, 'cert': None}
           │    │    └ <PreparedRequest [GET]>
           │    └ <function Session.send at 0x7fd4232c7ac0>
           └ <requests.sessions.Session object at 0x7fd42311db70>
  File "/home/gr/k8s-nodeport-mtd/.venv/lib/python3.10/site-packages/requests/sessions.py", line 701, in send
    r = adapter.send(request, **kwargs)
        │       │    │          └ {'timeout': None, 'proxies': OrderedDict(), 'stream': False, 'verify': True, 'cert': None}
        │       │    └ <PreparedRequest [GET]>
        │       └ <function HTTPAdapter.send at 0x7fd4232c6f80>
        └ <requests.adapters.HTTPAdapter object at 0x7fd42311d810>
  File "/home/gr/k8s-nodeport-mtd/.venv/lib/python3.10/site-packages/requests/adapters.py", line 565, in send
    raise ConnectionError(e, request=request)
          │                          └ <PreparedRequest [GET]>
          └ <class 'requests.exceptions.ConnectionError'>

[31m[1mrequests.exceptions.ConnectionError[0m:[1m HTTPConnectionPool(host='localhost', port=5100): Max retries exceeded with url: /update (Caused by NewConnectionError('<urllib3.connection.HTTPConnection object at 0x7fd42311eaa0>: Failed to establish a new connection: [Errno 111] Connection refused'))[0m
[32m2022-08-30 23:12:18.497[0m | [32m[1mSUCCESS [0m | [36m__main__[0m:[36mupdate[0m:[36m37[0m - [32m[1mAll services patched. Legit app is exposed on app-service4 NodePort now[0m
[32m2022-08-30 23:12:18.533[0m | [32m[1mSUCCESS [0m | [36m__main__[0m:[36mupdate[0m:[36m43[0m - [32m[1m{'app-service1': 32186, 'app-service2': 31827, 'app-service3': 32707, 'app-service4': 31776, 'app-service5': 32385}[0m
[32m2022-08-30 23:12:18.538[0m | [32m[1mSUCCESS [0m | [36m__main__[0m:[36mupdate_state[0m:[36m24[0m - [32m[1mState updated[0m
